<?xml version="1.0" encoding="UTF-8"?>
<!-- Generated by org.testng.reporters.JUnitReportReporter -->
<testsuite hostname="PRGDV003-FOR01" name="SeleniumTutorialMaven.SeleniumTutorialMaven.myTestng" tests="1" failures="0" timestamp="8 Jan 2019 15:39:56 GMT" time="1.583" errors="0">
  <testcase name="login" time="1.583" classname="SeleniumTutorialMaven.SeleniumTutorialMaven.myTestng"/>
</testsuite> <!-- SeleniumTutorialMaven.SeleniumTutorialMaven.myTestng -->
